<?xml version="1.0" encoding="utf-8"?><testsuites name="pytest tests"><testsuite name="pytest" errors="0" failures="0" skipped="0" tests="30" time="9.896" timestamp="2026-03-08T01:50:00.016698+00:00" hostname="agent-env-0e868bad-eb94-496b-8c20-ca26e7fafc61"><testcase classname="backend.tests.test_auth_system.TestLogin" name="test_admin_email_login_success" time="0.455" /><testcase classname="backend.tests.test_auth_system.TestLogin" name="test_login_returns_token_and_user" time="0.350" /><testcase classname="backend.tests.test_auth_system.TestLogin" name="test_invalid_email_password" time="0.360" /><testcase classname="backend.tests.test_auth_system.TestLogin" name="test_invalid_identifier_format" time="0.134" /><testcase classname="backend.tests.test_auth_system.TestLogin" name="test_national_id_format_validation_too_short" time="0.118" /><testcase classname="backend.tests.test_auth_system.TestLogin" name="test_national_id_format_validation_wrong_start" time="0.136" /><testcase classname="backend.tests.test_auth_system.TestLogin" name="test_nonexistent_national_id" time="0.148" /><testcase classname="backend.tests.test_auth_system.TestEmployeeAccountAutoCreate" name="test_create_employee_with_national_id" time="0.693" /><testcase classname="backend.tests.test_auth_system.TestEmployeeAccountAutoCreate" name="test_new_account_status_is_pending" time="0.106" /><testcase classname="backend.tests.test_auth_system.TestEmployeeAccountAutoCreate" name="test_pending_account_cannot_login" time="0.112" /><testcase classname="backend.tests.test_auth_system.TestEmployeeAccountAutoCreate" name="test_activate_employee_account" time="0.125" /><testcase classname="backend.tests.test_auth_system.TestEmployeeAccountAutoCreate" name="test_active_account_can_login" time="0.346" /><testcase classname="backend.tests.test_auth_system.TestEmployeeAccountAutoCreate" name="test_must_change_pin_after_first_login" time="0.372" /><testcase classname="backend.tests.test_auth_system.TestEmployeeAccountAutoCreate" name="test_create_employee_without_national_id_no_account" time="0.266" /><testcase classname="backend.tests.test_auth_system.TestBruteForceProtection" name="test_setup_brute_force_test_employee" time="0.433" /><testcase classname="backend.tests.test_auth_system.TestBruteForceProtection" name="test_5_wrong_attempts_lock_account" time="1.724" /><testcase classname="backend.tests.test_auth_system.TestBruteForceProtection" name="test_locked_account_has_arabic_message" time="0.113" /><testcase classname="backend.tests.test_auth_system.TestBruteForceProtection" name="test_manager_can_reset_pin" time="0.331" /><testcase classname="backend.tests.test_auth_system.TestBruteForceProtection" name="test_after_reset_pin_can_login_again" time="0.338" /><testcase classname="backend.tests.test_auth_system.TestAccountManagement" name="test_setup_account_management_employee" time="0.440" /><testcase classname="backend.tests.test_auth_system.TestAccountManagement" name="test_freeze_account" time="0.104" /><testcase classname="backend.tests.test_auth_system.TestAccountManagement" name="test_frozen_account_cannot_login" time="0.101" /><testcase classname="backend.tests.test_auth_system.TestAccountManagement" name="test_terminate_account" time="0.108" /><testcase classname="backend.tests.test_auth_system.TestAccountManagement" name="test_terminated_account_cannot_login" time="0.100" /><testcase classname="backend.tests.test_auth_system.TestChangePin" name="test_setup_change_pin_employee" time="0.789" /><testcase classname="backend.tests.test_auth_system.TestChangePin" name="test_change_pin_invalid_format" time="0.103" /><testcase classname="backend.tests.test_auth_system.TestChangePin" name="test_change_pin_non_numeric_rejected" time="0.114" /><testcase classname="backend.tests.test_auth_system.TestChangePin" name="test_change_pin_success" time="0.322" /><testcase classname="backend.tests.test_auth_system.TestChangePin" name="test_login_with_new_pin" time="0.328" /><testcase classname="backend.tests.test_auth_system.TestCleanup" name="test_cleanup_test_employees" time="0.583" /></testsuite></testsuites>