<?xml version="1.0" encoding="utf-8"?><testsuites name="pytest tests"><testsuite name="pytest" errors="0" failures="0" skipped="0" tests="28" time="5.751" timestamp="2026-03-14T22:35:44.985702+00:00" hostname="agent-env-7125de01-aecf-495a-bc3c-3d85c5c02841"><testcase classname="backend.tests.test_button_functionality.TestShiftsCRUD" name="test_get_shifts" time="0.608" /><testcase classname="backend.tests.test_button_functionality.TestShiftsCRUD" name="test_create_shift" time="0.140" /><testcase classname="backend.tests.test_button_functionality.TestShiftsCRUD" name="test_edit_shift" time="0.265" /><testcase classname="backend.tests.test_button_functionality.TestShiftsCRUD" name="test_delete_shift" time="0.232" /><testcase classname="backend.tests.test_button_functionality.TestEmployeesCRUD" name="test_get_employees" time="0.106" /><testcase classname="backend.tests.test_button_functionality.TestEmployeesCRUD" name="test_create_employee" time="0.107" /><testcase classname="backend.tests.test_button_functionality.TestEmployeesCRUD" name="test_edit_employee" time="0.237" /><testcase classname="backend.tests.test_button_functionality.TestEmployeesCRUD" name="test_delete_employee" time="0.232" /><testcase classname="backend.tests.test_button_functionality.TestEmployeesCRUD" name="test_employee_account_actions" time="0.109" /><testcase classname="backend.tests.test_button_functionality.TestTasksCRUD" name="test_get_tasks" time="0.100" /><testcase classname="backend.tests.test_button_functionality.TestTasksCRUD" name="test_create_task" time="0.230" /><testcase classname="backend.tests.test_button_functionality.TestTasksCRUD" name="test_edit_task" time="0.223" /><testcase classname="backend.tests.test_button_functionality.TestTasksCRUD" name="test_update_task_status" time="0.207" /><testcase classname="backend.tests.test_button_functionality.TestTasksCRUD" name="test_delete_task" time="0.333" /><testcase classname="backend.tests.test_button_functionality.TestProhibitedItemsCRUD" name="test_get_prohibited_items" time="0.113" /><testcase classname="backend.tests.test_button_functionality.TestProhibitedItemsCRUD" name="test_create_prohibited_item" time="0.116" /><testcase classname="backend.tests.test_button_functionality.TestProhibitedItemsCRUD" name="test_edit_prohibited_item" time="0.329" /><testcase classname="backend.tests.test_button_functionality.TestProhibitedItemsCRUD" name="test_delete_prohibited_item" time="0.243" /><testcase classname="backend.tests.test_button_functionality.TestZoneCategoriesCRUD" name="test_get_zone_categories" time="0.118" /><testcase classname="backend.tests.test_button_functionality.TestZoneCategoriesCRUD" name="test_create_zone_category" time="0.134" /><testcase classname="backend.tests.test_button_functionality.TestZoneCategoriesCRUD" name="test_edit_zone_category" time="0.234" /><testcase classname="backend.tests.test_button_functionality.TestZoneCategoriesCRUD" name="test_delete_zone_category" time="0.252" /><testcase classname="backend.tests.test_button_functionality.TestFloorsCRUD" name="test_get_floors" time="0.112" /><testcase classname="backend.tests.test_button_functionality.TestFloorsCRUD" name="test_create_floor" time="0.108" /><testcase classname="backend.tests.test_button_functionality.TestFloorsCRUD" name="test_edit_floor" time="0.266" /><testcase classname="backend.tests.test_button_functionality.TestFloorsCRUD" name="test_delete_floor" time="0.260" /><testcase classname="backend.tests.test_button_functionality.TestDashboard" name="test_dashboard_ops" time="0.126" /><testcase classname="backend.tests.test_button_functionality.TestDashboard" name="test_dashboard_departments" time="0.121" /></testsuite></testsuites>