<?xml version="1.0" encoding="utf-8"?><testsuites name="pytest tests"><testsuite name="pytest" errors="0" failures="0" skipped="0" tests="11" time="9.352" timestamp="2026-02-23T23:20:44.226597+00:00" hostname="agent-env-59e34733-9155-41c1-82f3-4192346869b3"><testcase classname="backend.tests.test_capacity_calculator.TestCapacityCalculatorBackend" name="test_zone_has_area_sqm_field" time="0.809" /><testcase classname="backend.tests.test_capacity_calculator.TestCapacityCalculatorBackend" name="test_zone_has_per_person_sqm_field" time="0.750" /><testcase classname="backend.tests.test_capacity_calculator.TestCapacityCalculatorBackend" name="test_zone_has_max_capacity_field" time="0.749" /><testcase classname="backend.tests.test_capacity_calculator.TestCapacityCalculatorBackend" name="test_update_zone_area_sqm" time="0.860" /><testcase classname="backend.tests.test_capacity_calculator.TestCapacityCalculatorBackend" name="test_update_zone_per_person_sqm" time="0.928" /><testcase classname="backend.tests.test_capacity_calculator.TestCapacityCalculatorBackend" name="test_update_zone_max_capacity" time="0.894" /><testcase classname="backend.tests.test_capacity_calculator.TestCapacityCalculatorBackend" name="test_update_zone_all_capacity_fields_together" time="0.881" /><testcase classname="backend.tests.test_capacity_calculator.TestCapacityCalculatorBackend" name="test_update_zone_current_count" time="0.846" /><testcase classname="backend.tests.test_capacity_calculator.TestCapacityCalculatorBackend" name="test_density_batch_update_with_current_count" time="0.941" /><testcase classname="backend.tests.test_capacity_calculator.TestSessionZoneUpdateModel" name="test_model_accepts_area_sqm" time="0.820" /><testcase classname="backend.tests.test_capacity_calculator.TestSessionZoneUpdateModel" name="test_model_accepts_per_person_sqm" time="0.821" /></testsuite></testsuites>