<?xml version="1.0" encoding="utf-8"?><testsuites name="pytest tests"><testsuite name="pytest" errors="0" failures="0" skipped="0" tests="22" time="11.692" timestamp="2026-03-08T02:39:24.368584+00:00" hostname="agent-env-0e868bad-eb94-496b-8c20-ca26e7fafc61"><testcase classname="backend.tests.test_compact_table_national_id.TestCheckNationalIdEndpoint" name="test_check_valid_new_national_id_returns_available_true" time="0.425" /><testcase classname="backend.tests.test_compact_table_national_id.TestCheckNationalIdEndpoint" name="test_check_national_id_starts_with_1" time="0.388" /><testcase classname="backend.tests.test_compact_table_national_id.TestCheckNationalIdEndpoint" name="test_check_national_id_starts_with_2" time="0.399" /><testcase classname="backend.tests.test_compact_table_national_id.TestCheckNationalIdEndpoint" name="test_check_national_id_invalid_starts_with_3_returns_not_available" time="0.555" /><testcase classname="backend.tests.test_compact_table_national_id.TestCheckNationalIdEndpoint" name="test_check_national_id_9_digits_invalid_format" time="0.372" /><testcase classname="backend.tests.test_compact_table_national_id.TestCheckNationalIdEndpoint" name="test_check_national_id_no_department_revealed" time="0.398" /><testcase classname="backend.tests.test_compact_table_national_id.TestCheckNationalIdEndpoint" name="test_check_national_id_requires_auth" time="0.469" /><testcase classname="backend.tests.test_compact_table_national_id.TestEmployeeCreateNationalIdValidation" name="test_create_employee_with_9_digit_national_id_returns_400" time="0.390" /><testcase classname="backend.tests.test_compact_table_national_id.TestEmployeeCreateNationalIdValidation" name="test_create_employee_with_invalid_prefix_returns_400" time="0.420" /><testcase classname="backend.tests.test_compact_table_national_id.TestEmployeeCreateNationalIdValidation" name="test_create_employee_with_valid_national_id_succeeds" time="0.656" /><testcase classname="backend.tests.test_compact_table_national_id.TestEmployeeCreateNationalIdValidation" name="test_create_employee_auto_account_created_for_national_id" time="0.705" /><testcase classname="backend.tests.test_compact_table_national_id.TestEmployeeCreateNationalIdValidation" name="test_create_employee_without_national_id_no_account" time="0.490" /><testcase classname="backend.tests.test_compact_table_national_id.TestEmployeeCreateNationalIdValidation" name="test_duplicate_national_id_returns_400_without_department" time="0.730" /><testcase classname="backend.tests.test_compact_table_national_id.TestEmployeeCreateNationalIdValidation" name="test_national_id_format_error_message_in_arabic" time="0.404" /><testcase classname="backend.tests.test_compact_table_national_id.TestRestDaysCompactDots" name="test_employees_have_rest_days_array" time="0.390" /><testcase classname="backend.tests.test_compact_table_national_id.TestRestDaysCompactDots" name="test_rest_days_contain_valid_arabic_day_names" time="0.394" /><testcase classname="backend.tests.test_compact_table_national_id.TestRestDaysCompactDots" name="test_check_national_id_exclude_emp_id_param" time="0.454" /><testcase classname="backend.tests.test_compact_table_national_id.TestAccountManagementActions" name="test_activate_account" time="0.790" /><testcase classname="backend.tests.test_compact_table_national_id.TestAccountManagementActions" name="test_freeze_account_after_activate" time="0.642" /><testcase classname="backend.tests.test_compact_table_national_id.TestAccountManagementActions" name="test_terminate_account" time="0.741" /><testcase classname="backend.tests.test_compact_table_national_id.TestAccountManagementActions" name="test_reset_pin_after_activate" time="0.841" /><testcase classname="backend.tests.test_compact_table_national_id.TestAccountManagementActions" name="test_account_status_in_get_employees" time="0.543" /></testsuite></testsuites>