<?xml version="1.0" encoding="utf-8"?><testsuites name="pytest tests"><testsuite name="pytest" errors="0" failures="1" skipped="0" tests="18" time="3.422" timestamp="2026-02-22T21:44:43.109645+00:00" hostname="agent-env-c6b3e3e7-830e-47c6-8433-4534e06c2ed8"><testcase classname="tests.test_daily_sessions.TestMapSessionsEndpoints" name="test_get_sessions_list" time="0.631" /><testcase classname="tests.test_daily_sessions.TestMapSessionsEndpoints" name="test_get_sessions_filtered_by_floor" time="0.124" /><testcase classname="tests.test_daily_sessions.TestMapSessionsEndpoints" name="test_create_session" time="0.128" /><testcase classname="tests.test_daily_sessions.TestMapSessionsEndpoints" name="test_create_duplicate_session_fails" time="0.126" /><testcase classname="tests.test_daily_sessions.TestMapSessionsEndpoints" name="test_get_single_session" time="0.112" /><testcase classname="tests.test_daily_sessions.TestMapSessionsEndpoints" name="test_get_nonexistent_session" time="0.123" /><testcase classname="tests.test_daily_sessions.TestMapSessionsEndpoints" name="test_update_session_status" time="0.144" /><testcase classname="tests.test_daily_sessions.TestMapSessionsEndpoints" name="test_update_session_notes" time="0.111" /><testcase classname="tests.test_daily_sessions.TestMapSessionsEndpoints" name="test_reopen_completed_session" time="0.125" /><testcase classname="tests.test_daily_sessions.TestSessionZoneOperations" name="test_update_zone_category" time="0.233" /><testcase classname="tests.test_daily_sessions.TestSessionZoneOperations" name="test_update_zone_daily_note" time="0.222" /><testcase classname="tests.test_daily_sessions.TestSessionZoneOperations" name="test_remove_zone" time="0.180" /><testcase classname="tests.test_daily_sessions.TestSessionZoneOperations" name="test_restore_zone" time="0.126" /><testcase classname="tests.test_daily_sessions.TestSessionComparison" name="test_create_second_session" time="0.125" /><testcase classname="tests.test_daily_sessions.TestSessionComparison" name="test_compare_sessions" time="0.132"><failure message="AssertionError: Response should have 'unchanged' field&#10;assert 'unchanged' in {'added': [], 'modified': [], 'removed': [], 'session_1': {'date': '2027-02-22', 'id': 'db195128-92e6-4795-b50b-1a606821c82f'}, ...}">tests/test_daily_sessions.py:343: in test_compare_sessions
    assert "unchanged" in data, "Response should have 'unchanged' field"
E   AssertionError: Response should have 'unchanged' field
E   assert 'unchanged' in {'added': [], 'modified': [], 'removed': [], 'session_1': {'date': '2027-02-22', 'id': 'db195128-92e6-4795-b50b-1a606821c82f'}, ...}</failure></testcase><testcase classname="tests.test_daily_sessions.TestSessionCleanup" name="test_delete_second_session" time="0.231" /><testcase classname="tests.test_daily_sessions.TestSessionCleanup" name="test_delete_first_session" time="0.231" /><testcase classname="tests.test_daily_sessions.TestFloorsEndpoint" name="test_get_floors" time="0.169" /></testsuite></testsuites>