<?xml version="1.0" encoding="utf-8"?><testsuites name="pytest tests"><testsuite name="pytest" errors="0" failures="0" skipped="0" tests="18" time="3.308" timestamp="2026-02-22T21:45:02.981652+00:00" hostname="agent-env-c6b3e3e7-830e-47c6-8433-4534e06c2ed8"><testcase classname="tests.test_daily_sessions.TestMapSessionsEndpoints" name="test_get_sessions_list" time="0.517" /><testcase classname="tests.test_daily_sessions.TestMapSessionsEndpoints" name="test_get_sessions_filtered_by_floor" time="0.134" /><testcase classname="tests.test_daily_sessions.TestMapSessionsEndpoints" name="test_create_session" time="0.144" /><testcase classname="tests.test_daily_sessions.TestMapSessionsEndpoints" name="test_create_duplicate_session_fails" time="0.120" /><testcase classname="tests.test_daily_sessions.TestMapSessionsEndpoints" name="test_get_single_session" time="0.198" /><testcase classname="tests.test_daily_sessions.TestMapSessionsEndpoints" name="test_get_nonexistent_session" time="0.133" /><testcase classname="tests.test_daily_sessions.TestMapSessionsEndpoints" name="test_update_session_status" time="0.126" /><testcase classname="tests.test_daily_sessions.TestMapSessionsEndpoints" name="test_update_session_notes" time="0.117" /><testcase classname="tests.test_daily_sessions.TestMapSessionsEndpoints" name="test_reopen_completed_session" time="0.124" /><testcase classname="tests.test_daily_sessions.TestSessionZoneOperations" name="test_update_zone_category" time="0.229" /><testcase classname="tests.test_daily_sessions.TestSessionZoneOperations" name="test_update_zone_daily_note" time="0.129" /><testcase classname="tests.test_daily_sessions.TestSessionZoneOperations" name="test_remove_zone" time="0.135" /><testcase classname="tests.test_daily_sessions.TestSessionZoneOperations" name="test_restore_zone" time="0.123" /><testcase classname="tests.test_daily_sessions.TestSessionComparison" name="test_create_second_session" time="0.144" /><testcase classname="tests.test_daily_sessions.TestSessionComparison" name="test_compare_sessions" time="0.129" /><testcase classname="tests.test_daily_sessions.TestSessionCleanup" name="test_delete_second_session" time="0.325" /><testcase classname="tests.test_daily_sessions.TestSessionCleanup" name="test_delete_first_session" time="0.254" /><testcase classname="tests.test_daily_sessions.TestFloorsEndpoint" name="test_get_floors" time="0.144" /></testsuite></testsuites>