<?xml version="1.0" encoding="utf-8"?><testsuites name="pytest tests"><testsuite name="pytest" errors="0" failures="0" skipped="0" tests="14" time="5.839" timestamp="2026-03-15T22:52:54.088791+00:00" hostname="agent-env-578ba60b-c049-48f9-ba1a-b5a74c6437e3"><testcase classname="tests.test_data_integrity_bugs.TestEmployeeDeletionCascade" name="test_create_employee_with_user_account" time="0.722" /><testcase classname="tests.test_data_integrity_bugs.TestEmployeeDeletionCascade" name="test_delete_employee_cascades_to_user" time="0.673" /><testcase classname="tests.test_data_integrity_bugs.TestEmployeeRecreation" name="test_recreate_employee_after_deletion" time="1.439" /><testcase classname="tests.test_data_integrity_bugs.TestEmployeeUpdateSync" name="test_update_employee_name_syncs_to_user" time="0.772" /><testcase classname="tests.test_data_integrity_bugs.TestTaskStatsDateFilter" name="test_task_stats_accepts_work_date_param" time="0.122" /><testcase classname="tests.test_data_integrity_bugs.TestTaskStatsDateFilter" name="test_task_stats_accepts_month_param" time="0.125" /><testcase classname="tests.test_data_integrity_bugs.TestTaskStatsDateFilter" name="test_task_stats_with_department_and_date" time="0.149" /><testcase classname="tests.test_data_integrity_bugs.TestWebSocketChannelMap" name="test_role_permissions_pattern_in_channel_map" time="0.000" /><testcase classname="tests.test_data_integrity_bugs.TestAlertDialogUsage" name="test_no_window_confirm_in_codebase" time="0.006" /><testcase classname="tests.test_data_integrity_bugs.TestAlertDialogUsage" name="test_alertdialog_in_daily_sessions_page" time="0.000" /><testcase classname="tests.test_data_integrity_bugs.TestAlertDialogUsage" name="test_mapcanvas_no_window_confirm" time="0.000" /><testcase classname="tests.test_data_integrity_bugs.TestLoginFlow" name="test_admin_login_success" time="0.337" /><testcase classname="tests.test_data_integrity_bugs.TestLoginFlow" name="test_login_with_wrong_password" time="0.365" /><testcase classname="tests.test_data_integrity_bugs.TestEmployeeCRUD" name="test_employee_create_read_update_delete" time="1.048" /></testsuite></testsuites>