<?xml version="1.0" encoding="utf-8"?><testsuites name="pytest tests"><testsuite name="pytest" errors="0" failures="0" skipped="0" tests="14" time="7.506" timestamp="2026-02-23T21:47:28.008977+00:00" hostname="agent-env-59e34733-9155-41c1-82f3-4192346869b3"><testcase classname="backend.tests.test_density_feature.TestAuth" name="test_login_success" time="0.404" /><testcase classname="backend.tests.test_density_feature.TestMapSessionsAPI" name="test_get_sessions_list" time="0.464" /><testcase classname="backend.tests.test_density_feature.TestMapSessionsAPI" name="test_get_session_feb17" time="0.453" /><testcase classname="backend.tests.test_density_feature.TestDensityBatchAPI" name="test_update_zone_current_count" time="0.579" /><testcase classname="backend.tests.test_density_feature.TestDensityBatchAPI" name="test_update_zone_max_capacity" time="0.587" /><testcase classname="backend.tests.test_density_feature.TestDensityBatchAPI" name="test_update_both_current_and_capacity" time="0.527" /><testcase classname="backend.tests.test_density_feature.TestDensityBatchAPI" name="test_update_zero_current_count" time="0.540" /><testcase classname="backend.tests.test_density_feature.TestDensityBatchAPI" name="test_update_high_density_critical" time="0.599" /><testcase classname="backend.tests.test_density_feature.TestDensityBatchAPI" name="test_update_empty_updates_array" time="0.465" /><testcase classname="backend.tests.test_density_feature.TestDensityBatchAPI" name="test_update_invalid_zone_id" time="0.697" /><testcase classname="backend.tests.test_density_feature.TestDensityBatchAPI" name="test_update_negative_current_count_coerced_to_zero" time="0.532" /><testcase classname="backend.tests.test_density_feature.TestDensityBatchAPI" name="test_update_invalid_session_id" time="0.556" /><testcase classname="backend.tests.test_density_feature.TestDensityBatchAPI" name="test_data_persistence_after_update" time="0.562" /><testcase classname="backend.tests.test_density_feature.TestCleanup" name="test_reset_zone_to_default" time="0.478" /></testsuite></testsuites>