<?xml version="1.0" encoding="utf-8"?><testsuites name="pytest tests"><testsuite name="pytest" errors="0" failures="0" skipped="0" tests="15" time="10.117" timestamp="2026-02-22T22:15:23.925449+00:00" hostname="agent-env-c6b3e3e7-830e-47c6-8433-4534e06c2ed8"><testcase classname="tests.test_daily_sessions_drawing.TestDailySessionsDrawingFeatures" name="test_1_get_sessions_with_floor_id" time="0.802" /><testcase classname="tests.test_daily_sessions_drawing.TestDailySessionsDrawingFeatures" name="test_2_get_session_details" time="0.580" /><testcase classname="tests.test_daily_sessions_drawing.TestDailySessionsDrawingFeatures" name="test_3_add_zone_with_rectangle_points" time="0.574" /><testcase classname="tests.test_daily_sessions_drawing.TestDailySessionsDrawingFeatures" name="test_4_add_zone_with_triangle_points" time="0.624" /><testcase classname="tests.test_daily_sessions_drawing.TestDailySessionsDrawingFeatures" name="test_5_add_zone_with_circle_points" time="0.599" /><testcase classname="tests.test_daily_sessions_drawing.TestDailySessionsDrawingFeatures" name="test_6_update_zone_polygon_points" time="0.626" /><testcase classname="tests.test_daily_sessions_drawing.TestDailySessionsDrawingFeatures" name="test_7_update_zone_name_and_type" time="0.620" /><testcase classname="tests.test_daily_sessions_drawing.TestDailySessionsDrawingFeatures" name="test_8_toggle_zone_removal" time="0.965" /><testcase classname="tests.test_daily_sessions_drawing.TestDailySessionsDrawingFeatures" name="test_9_restore_removed_zone" time="0.682" /><testcase classname="tests.test_daily_sessions_drawing.TestDailySessionsDrawingFeatures" name="test_10_add_daily_note_to_zone" time="0.605" /><testcase classname="tests.test_daily_sessions_drawing.TestDailySessionsDrawingFeatures" name="test_11_delete_zone_permanently" time="0.651" /><testcase classname="tests.test_daily_sessions_drawing.TestDailySessionsDrawingFeatures" name="test_12_session_changes_summary_accuracy" time="0.715" /><testcase classname="tests.test_daily_sessions_drawing.TestDailySessionsDrawingFeatures" name="test_13_completed_session_cannot_be_modified" time="0.571" /><testcase classname="tests.test_daily_sessions_drawing.TestDailySessionsDrawingFeatures" name="test_14_verify_zone_defaults" time="0.695" /><testcase classname="tests.test_daily_sessions_drawing.TestDailySessionsDrawingFeatures" name="test_15_cleanup_test_zones" time="0.737" /></testsuite></testsuites>