<?xml version="1.0" encoding="utf-8"?><testsuites name="pytest tests"><testsuite name="pytest" errors="0" failures="0" skipped="0" tests="8" time="4.612" timestamp="2026-03-03T21:53:56.830469+00:00" hostname="agent-env-f7bb59a6-cd9b-4f80-bf7c-573420bc9b04"><testcase classname="backend.tests.test_employee_rest_days.TestEmployeeRestDays" name="test_get_employees_returns_rest_days_field" time="0.603" /><testcase classname="backend.tests.test_employee_rest_days.TestEmployeeRestDays" name="test_update_employee_with_rest_days_array" time="0.616" /><testcase classname="backend.tests.test_employee_rest_days.TestEmployeeRestDays" name="test_update_employee_with_empty_rest_days" time="0.678" /><testcase classname="backend.tests.test_employee_rest_days.TestEmployeeRestDays" name="test_update_employee_with_multiple_rest_days" time="0.577" /><testcase classname="backend.tests.test_employee_rest_days.TestEmployeeRestDays" name="test_create_employee_with_rest_days" time="0.564" /><testcase classname="backend.tests.test_employee_rest_days.TestDepartmentSettingsNoRestPatterns" name="test_gates_department_settings_types" time="0.516" /><testcase classname="backend.tests.test_employee_rest_days.TestDepartmentSettingsNoRestPatterns" name="test_planning_department_settings_types" time="0.541" /><testcase classname="backend.tests.test_employee_rest_days.TestEmployeeStatusBasedOnRestDays" name="test_employee_rest_days_contains_valid_days" time="0.408" /></testsuite></testsuites>