<?xml version="1.0" encoding="utf-8"?><testsuites name="pytest tests"><testsuite name="pytest" errors="0" failures="0" skipped="0" tests="8" time="2.893" timestamp="2026-03-03T23:07:46.910197+00:00" hostname="agent-env-f7bb59a6-cd9b-4f80-bf7c-573420bc9b04"><testcase classname="backend.tests.test_gate_indicator_status.TestGateSessionIndicatorField" name="test_session_has_gates_with_indicator_field" time="0.550" /><testcase classname="backend.tests.test_gate_indicator_status.TestGateSessionIndicatorField" name="test_update_indicator_for_open_gate" time="0.423" /><testcase classname="backend.tests.test_gate_indicator_status.TestGateSessionIndicatorField" name="test_update_status_to_closed_resets_indicator" time="0.515" /><testcase classname="backend.tests.test_gate_indicator_status.TestGateSessionIndicatorField" name="test_status_only_accepts_open_closed" time="0.411" /><testcase classname="backend.tests.test_gate_indicator_status.TestGateSessionIndicatorField" name="test_indicator_only_applies_to_open_gates_data" time="0.109" /><testcase classname="backend.tests.test_gate_indicator_status.TestGateSessionIndicatorField" name="test_session_stats_separation" time="0.141" /><testcase classname="backend.tests.test_gate_indicator_status.TestSessionGateUpdateModel" name="test_update_only_indicator" time="0.336" /><testcase classname="backend.tests.test_gate_indicator_status.TestSessionGateUpdateModel" name="test_update_status_without_indicator" time="0.347" /></testsuite></testsuites>