<?xml version="1.0" encoding="utf-8"?><testsuites name="pytest tests"><testsuite name="pytest" errors="0" failures="0" skipped="0" tests="17" time="8.941" timestamp="2026-02-23T01:05:37.808174+00:00" hostname="agent-env-c6b3e3e7-830e-47c6-8433-4534e06c2ed8"><testcase classname="tests.test_gate_sessions.TestGateSessionsAuth" name="test_login_admin" time="0.363" /><testcase classname="tests.test_gate_sessions.TestGateSessionsCRUD" name="test_get_gate_sessions" time="0.432" /><testcase classname="tests.test_gate_sessions.TestGateSessionsCRUD" name="test_get_gate_sessions_by_floor" time="0.476" /><testcase classname="tests.test_gate_sessions.TestGateSessionsCRUD" name="test_get_gate_map_floors" time="0.411" /><testcase classname="tests.test_gate_sessions.TestGateSessionsCRUD" name="test_get_gate_markers" time="0.509" /><testcase classname="tests.test_gate_sessions.TestGateSessionCreation" name="test_create_session_clones_gates" time="0.599" /><testcase classname="tests.test_gate_sessions.TestGateSessionCreation" name="test_create_session_duplicate_fails" time="0.408" /><testcase classname="tests.test_gate_sessions.TestGateSessionUpdate" name="test_update_gate_status" time="0.560" /><testcase classname="tests.test_gate_sessions.TestGateSessionUpdate" name="test_update_gate_direction" time="0.478" /><testcase classname="tests.test_gate_sessions.TestGateSessionUpdate" name="test_update_gate_classification" time="0.505" /><testcase classname="tests.test_gate_sessions.TestGateSessionUpdate" name="test_update_gate_staff_count" time="0.469" /><testcase classname="tests.test_gate_sessions.TestGateSessionUpdate" name="test_update_gate_daily_note" time="0.564" /><testcase classname="tests.test_gate_sessions.TestGateSessionUpdate" name="test_disable_enable_gate" time="0.556" /><testcase classname="tests.test_gate_sessions.TestSessionStatusManagement" name="test_complete_session" time="0.689" /><testcase classname="tests.test_gate_sessions.TestSessionStatusManagement" name="test_update_supervisor_notes" time="0.457" /><testcase classname="tests.test_gate_sessions.TestBatchSessionCreation" name="test_batch_create_sessions" time="0.832" /><testcase classname="tests.test_gate_sessions.TestDeleteGateSession" name="test_delete_session" time="0.573" /></testsuite></testsuites>