<?xml version="1.0" encoding="utf-8"?><testsuites name="pytest tests"><testsuite name="pytest" errors="0" failures="0" skipped="0" tests="17" time="9.112" timestamp="2026-02-27T01:08:38.804139+00:00" hostname="agent-env-631b1770-c9af-453a-8679-37a50c78e88b"><testcase classname="backend.tests.test_gate_sessions.TestGateSessionsAuth" name="test_login_admin" time="0.405" /><testcase classname="backend.tests.test_gate_sessions.TestGateSessionsCRUD" name="test_get_gate_sessions" time="0.441" /><testcase classname="backend.tests.test_gate_sessions.TestGateSessionsCRUD" name="test_get_gate_sessions_by_floor" time="0.387" /><testcase classname="backend.tests.test_gate_sessions.TestGateSessionsCRUD" name="test_get_gate_map_floors" time="0.489" /><testcase classname="backend.tests.test_gate_sessions.TestGateSessionsCRUD" name="test_get_gate_markers" time="0.421" /><testcase classname="backend.tests.test_gate_sessions.TestGateSessionCreation" name="test_create_session_clones_gates" time="0.516" /><testcase classname="backend.tests.test_gate_sessions.TestGateSessionCreation" name="test_create_session_duplicate_fails" time="0.495" /><testcase classname="backend.tests.test_gate_sessions.TestGateSessionUpdate" name="test_update_gate_status" time="0.636" /><testcase classname="backend.tests.test_gate_sessions.TestGateSessionUpdate" name="test_update_gate_direction" time="0.524" /><testcase classname="backend.tests.test_gate_sessions.TestGateSessionUpdate" name="test_update_gate_classification" time="0.665" /><testcase classname="backend.tests.test_gate_sessions.TestGateSessionUpdate" name="test_update_gate_staff_count" time="0.429" /><testcase classname="backend.tests.test_gate_sessions.TestGateSessionUpdate" name="test_update_gate_daily_note" time="0.497" /><testcase classname="backend.tests.test_gate_sessions.TestGateSessionUpdate" name="test_disable_enable_gate" time="0.517" /><testcase classname="backend.tests.test_gate_sessions.TestSessionStatusManagement" name="test_complete_session" time="0.618" /><testcase classname="backend.tests.test_gate_sessions.TestSessionStatusManagement" name="test_update_supervisor_notes" time="0.466" /><testcase classname="backend.tests.test_gate_sessions.TestBatchSessionCreation" name="test_batch_create_sessions" time="0.750" /><testcase classname="backend.tests.test_gate_sessions.TestDeleteGateSession" name="test_delete_session" time="0.753" /></testsuite></testsuites>