<?xml version="1.0" encoding="utf-8"?><testsuites name="pytest tests"><testsuite name="pytest" errors="0" failures="0" skipped="0" tests="16" time="6.376" timestamp="2026-02-23T00:22:09.231397+00:00" hostname="agent-env-c6b3e3e7-830e-47c6-8433-4534e06c2ed8"><testcase classname="backend.tests.test_iteration_12.TestAPIHealth" name="test_api_root" time="0.260" /><testcase classname="backend.tests.test_iteration_12.TestAPIHealth" name="test_auth_login" time="0.418" /><testcase classname="backend.tests.test_iteration_12.TestSessionAndZones" name="test_get_sessions_for_floor" time="0.484" /><testcase classname="backend.tests.test_iteration_12.TestSessionAndZones" name="test_session_has_zones" time="0.125" /><testcase classname="backend.tests.test_iteration_12.TestZoneStyleFields" name="test_zone_has_stroke_width_field" time="0.222" /><testcase classname="backend.tests.test_iteration_12.TestZoneStyleFields" name="test_zone_has_stroke_style_field" time="0.143" /><testcase classname="backend.tests.test_iteration_12.TestUpdateZoneStyle" name="test_update_zone_fill_color" time="0.496" /><testcase classname="backend.tests.test_iteration_12.TestUpdateZoneStyle" name="test_update_zone_opacity" time="0.398" /><testcase classname="backend.tests.test_iteration_12.TestUpdateZoneStyle" name="test_update_zone_stroke_color" time="0.468" /><testcase classname="backend.tests.test_iteration_12.TestUpdateZoneStyle" name="test_update_zone_stroke_opacity" time="0.424" /><testcase classname="backend.tests.test_iteration_12.TestUpdateZoneStyle" name="test_update_zone_stroke_width" time="0.413" /><testcase classname="backend.tests.test_iteration_12.TestUpdateZoneStyle" name="test_update_zone_stroke_style" time="0.638" /><testcase classname="backend.tests.test_iteration_12.TestCopyZone" name="test_copy_zone_via_api" time="0.480" /><testcase classname="backend.tests.test_iteration_12.TestRegressionFeatures" name="test_zone_category_change" time="0.401" /><testcase classname="backend.tests.test_iteration_12.TestRegressionFeatures" name="test_zone_polygon_update" time="0.432" /><testcase classname="backend.tests.test_iteration_12.TestRegressionFeatures" name="test_zone_daily_note" time="0.489" /></testsuite></testsuites>