<?xml version="1.0" encoding="utf-8"?><testsuites name="pytest tests"><testsuite name="pytest" errors="0" failures="1" skipped="0" tests="11" time="7.636" timestamp="2026-02-23T00:38:37.677176+00:00" hostname="agent-env-c6b3e3e7-830e-47c6-8433-4534e06c2ed8"><testcase classname="backend.tests.test_iteration_13.TestIteration13EnhancedZoneDialog" name="test_session_zone_update_model_has_zone_code" time="0.820" /><testcase classname="backend.tests.test_iteration_13.TestIteration13EnhancedZoneDialog" name="test_session_zone_update_model_has_name_ar" time="0.587" /><testcase classname="backend.tests.test_iteration_13.TestIteration13EnhancedZoneDialog" name="test_update_zone_with_both_name_and_code" time="0.579" /><testcase classname="backend.tests.test_iteration_13.TestIteration13EnhancedZoneDialog" name="test_mark_zone_inactive" time="1.799" /><testcase classname="backend.tests.test_iteration_13.TestIteration13EnhancedZoneDialog" name="test_mark_zone_active" time="0.560" /><testcase classname="backend.tests.test_iteration_13.TestIteration13EnhancedZoneDialog" name="test_permanent_delete_zone" time="0.630" /><testcase classname="backend.tests.test_iteration_13.TestIteration13EnhancedZoneDialog" name="test_delete_nonexistent_zone" time="0.494" /><testcase classname="backend.tests.test_iteration_13.TestIteration13EnhancedZoneDialog" name="test_get_session_by_id" time="0.454" /><testcase classname="backend.tests.test_iteration_13.TestIteration13EnhancedZoneDialog" name="test_get_sessions_by_floor" time="0.413"><failure message="AssertionError: Feb 17 session not found&#10;assert None is not None">backend/tests/test_iteration_13.py:272: in test_get_sessions_by_floor
    assert feb17_session is not None, "Feb 17 session not found"
E   AssertionError: Feb 17 session not found
E   assert None is not None</failure></testcase><testcase classname="backend.tests.test_iteration_13.TestIteration13EnhancedZoneDialog" name="test_style_fields_persist" time="0.613" /><testcase classname="backend.tests.test_iteration_13.TestIteration13EnhancedZoneDialog" name="test_copy_zone_regression" time="0.588" /></testsuite></testsuites>