<?xml version="1.0" encoding="utf-8"?><testsuites name="pytest tests"><testsuite name="pytest" errors="0" failures="0" skipped="0" tests="11" time="6.014" timestamp="2026-02-23T00:38:58.835122+00:00" hostname="agent-env-c6b3e3e7-830e-47c6-8433-4534e06c2ed8"><testcase classname="backend.tests.test_iteration_13.TestIteration13EnhancedZoneDialog" name="test_session_zone_update_model_has_zone_code" time="0.566" /><testcase classname="backend.tests.test_iteration_13.TestIteration13EnhancedZoneDialog" name="test_session_zone_update_model_has_name_ar" time="0.716" /><testcase classname="backend.tests.test_iteration_13.TestIteration13EnhancedZoneDialog" name="test_update_zone_with_both_name_and_code" time="0.538" /><testcase classname="backend.tests.test_iteration_13.TestIteration13EnhancedZoneDialog" name="test_mark_zone_inactive" time="0.562" /><testcase classname="backend.tests.test_iteration_13.TestIteration13EnhancedZoneDialog" name="test_mark_zone_active" time="0.574" /><testcase classname="backend.tests.test_iteration_13.TestIteration13EnhancedZoneDialog" name="test_permanent_delete_zone" time="0.594" /><testcase classname="backend.tests.test_iteration_13.TestIteration13EnhancedZoneDialog" name="test_delete_nonexistent_zone" time="0.454" /><testcase classname="backend.tests.test_iteration_13.TestIteration13EnhancedZoneDialog" name="test_get_session_by_id" time="0.389" /><testcase classname="backend.tests.test_iteration_13.TestIteration13EnhancedZoneDialog" name="test_get_sessions_by_floor" time="0.451" /><testcase classname="backend.tests.test_iteration_13.TestIteration13EnhancedZoneDialog" name="test_style_fields_persist" time="0.529" /><testcase classname="backend.tests.test_iteration_13.TestIteration13EnhancedZoneDialog" name="test_copy_zone_regression" time="0.570" /></testsuite></testsuites>