<?xml version="1.0" encoding="utf-8"?><testsuites name="pytest tests"><testsuite name="pytest" errors="0" failures="0" skipped="0" tests="10" time="7.977" timestamp="2026-02-22T23:49:55.051463+00:00" hostname="agent-env-c6b3e3e7-830e-47c6-8433-4534e06c2ed8"><testcase classname="tests.test_iteration_10.TestFeb17SessionZones" name="test_session_exists_for_feb_17" time="0.680" /><testcase classname="tests.test_iteration_10.TestFeb17SessionZones" name="test_feb_17_session_has_3_zones" time="0.240" /><testcase classname="tests.test_iteration_10.TestFeb17SessionZones" name="test_feb_17_zones_have_correct_zone_codes" time="0.125" /><testcase classname="tests.test_iteration_10.TestFeb17SessionZones" name="test_feb_17_zones_have_correct_zone_types" time="0.192" /><testcase classname="tests.test_iteration_10.TestNewZoneTypesBackendAPI" name="test_create_zone_with_men_rakatayn_type" time="0.412" /><testcase classname="tests.test_iteration_10.TestNewZoneTypesBackendAPI" name="test_create_zone_with_emergency_type" time="0.356" /><testcase classname="tests.test_iteration_10.TestNewZoneTypesBackendAPI" name="test_create_zone_with_vip_type" time="0.440" /><testcase classname="tests.test_iteration_10.TestNewZoneTypesBackendAPI" name="test_update_zone_type_to_women_rakatayn" time="0.591" /><testcase classname="tests.test_iteration_10.TestMapManagementZoneTypes" name="test_create_master_zone_with_new_type" time="0.373" /><testcase classname="tests.test_iteration_10.TestAllZoneTypesEnum" name="test_session_zone_accepts_all_16_types" time="4.461" /></testsuite></testsuites>