<?xml version="1.0" encoding="utf-8"?><testsuites name="pytest tests"><testsuite name="pytest" errors="0" failures="0" skipped="0" tests="7" time="4.556" timestamp="2026-02-23T00:11:41.710165+00:00" hostname="agent-env-c6b3e3e7-830e-47c6-8433-4534e06c2ed8"><testcase classname="tests.test_iteration_11.TestZoneRotationDragFeatures" name="test_get_sessions_for_floor" time="0.662" /><testcase classname="tests.test_iteration_11.TestZoneRotationDragFeatures" name="test_zone_has_polygon_points" time="0.490" /><testcase classname="tests.test_iteration_11.TestZoneRotationDragFeatures" name="test_update_zone_polygon_points" time="0.791" /><testcase classname="tests.test_iteration_11.TestZoneRotationDragFeatures" name="test_zone_categories_still_work" time="0.806" /><testcase classname="tests.test_iteration_11.TestZoneRotationDragFeatures" name="test_toggle_zone_removed" time="0.722" /><testcase classname="tests.test_iteration_11.TestPanDrawRectModes" name="test_create_zone_with_polygon" time="0.793" /><testcase classname="tests.test_iteration_11.TestZoomControls" name="test_api_health" time="0.185" /></testsuite></testsuites>