<?xml version="1.0" encoding="utf-8"?><testsuites name="pytest tests"><testsuite name="pytest" errors="0" failures="0" skipped="0" tests="13" time="7.251" timestamp="2026-03-07T21:55:14.294099+00:00" hostname="agent-env-0e868bad-eb94-496b-8c20-ca26e7fafc61"><testcase classname="backend.tests.test_m2m_employee_assignment.TestM2MEmployeeAssignment" name="test_get_session_exists" time="0.544" /><testcase classname="backend.tests.test_m2m_employee_assignment.TestM2MEmployeeAssignment" name="test_session_zones_have_assigned_employee_ids_field" time="0.431" /><testcase classname="backend.tests.test_m2m_employee_assignment.TestM2MEmployeeAssignment" name="test_employee_is_tasked_field" time="0.437" /><testcase classname="backend.tests.test_m2m_employee_assignment.TestM2MEmployeeAssignment" name="test_employee_contact_phone_field" time="0.380" /><testcase classname="backend.tests.test_m2m_employee_assignment.TestM2MEmployeeAssignment" name="test_assign_employee_to_zone" time="0.604" /><testcase classname="backend.tests.test_m2m_employee_assignment.TestM2MEmployeeAssignment" name="test_assign_employee_to_multiple_zones" time="0.736" /><testcase classname="backend.tests.test_m2m_employee_assignment.TestM2MEmployeeAssignment" name="test_unassign_employee_from_specific_zone" time="0.630" /><testcase classname="backend.tests.test_m2m_employee_assignment.TestM2MEmployeeAssignment" name="test_clear_all_zone_assignments" time="0.712" /><testcase classname="backend.tests.test_m2m_employee_assignment.TestM2MEmployeeAssignment" name="test_zone_can_have_multiple_employees" time="0.661" /><testcase classname="backend.tests.test_m2m_employee_assignment.TestM2MEmployeeAssignment" name="test_get_employees_plazas_department" time="0.429" /><testcase classname="backend.tests.test_m2m_employee_assignment.TestM2MEmployeeAssignment" name="test_employee_update_is_tasked" time="0.555" /><testcase classname="backend.tests.test_m2m_employee_assignment.TestM2MEmployeeAssignment" name="test_assignment_persists_across_requests" time="0.592" /><testcase classname="backend.tests.test_m2m_employee_assignment.TestM2MEmployeeAssignment" name="test_zone_card_be626c0b_already_has_employee" time="0.428" /></testsuite></testsuites>