<?xml version="1.0" encoding="utf-8"?><testsuites name="pytest tests"><testsuite name="pytest" errors="0" failures="0" skipped="0" tests="14" time="9.339" timestamp="2026-02-22T00:26:46.564719+00:00" hostname="agent-env-90341c71-0f40-4de5-8fd8-f0110d08660d"><testcase classname="backend.tests.test_map_management.TestMapManagementAPI" name="test_01_get_floors" time="0.508" /><testcase classname="backend.tests.test_map_management.TestMapManagementAPI" name="test_02_create_floor" time="0.508" /><testcase classname="backend.tests.test_map_management.TestMapManagementAPI" name="test_03_get_floor_by_id" time="0.694" /><testcase classname="backend.tests.test_map_management.TestMapManagementAPI" name="test_04_update_floor" time="0.771" /><testcase classname="backend.tests.test_map_management.TestMapManagementAPI" name="test_05_delete_floor" time="0.739" /><testcase classname="backend.tests.test_map_management.TestMapManagementAPI" name="test_06_get_all_zones" time="0.480" /><testcase classname="backend.tests.test_map_management.TestMapManagementAPI" name="test_07_create_zone" time="0.605" /><testcase classname="backend.tests.test_map_management.TestMapManagementAPI" name="test_08_get_floor_zones" time="0.630" /><testcase classname="backend.tests.test_map_management.TestMapManagementAPI" name="test_09_update_zone" time="0.928" /><testcase classname="backend.tests.test_map_management.TestMapManagementAPI" name="test_10_delete_zone" time="0.858" /><testcase classname="backend.tests.test_map_management.TestMapManagementAPI" name="test_11_update_zone_crowd" time="0.970" /><testcase classname="backend.tests.test_map_management.TestMapManagementAPI" name="test_12_zone_stats_summary" time="0.466" /><testcase classname="backend.tests.test_map_management.TestMapManagementAPI" name="test_13_upload_map_image" time="0.522" /><testcase classname="backend.tests.test_map_management.TestMapManagementAPI" name="test_99_cleanup_test_zones" time="0.589" /></testsuite></testsuites>