<?xml version="1.0" encoding="utf-8"?><testsuites name="pytest tests"><testsuite name="pytest" errors="0" failures="0" skipped="0" tests="13" time="5.285" timestamp="2026-03-03T22:47:28.874673+00:00" hostname="agent-env-f7bb59a6-cd9b-4f80-bf7c-573420bc9b04"><testcase classname="backend.tests.test_monthly_schedules.TestAuthentication" name="test_admin_login" time="0.469" /><testcase classname="backend.tests.test_monthly_schedules.TestMonthlyScheduleCRUD" name="test_get_employees_planning" time="0.470" /><testcase classname="backend.tests.test_monthly_schedules.TestMonthlyScheduleCRUD" name="test_get_schedule_planning_march" time="0.114" /><testcase classname="backend.tests.test_monthly_schedules.TestMonthlyScheduleCRUD" name="test_create_schedule_new_month" time="0.447" /><testcase classname="backend.tests.test_monthly_schedules.TestMonthlyScheduleCRUD" name="test_create_schedule_clone_previous" time="0.321" /><testcase classname="backend.tests.test_monthly_schedules.TestScheduleAssignmentUpdates" name="test_update_assignment_rest_days" time="0.734" /><testcase classname="backend.tests.test_monthly_schedules.TestScheduleAssignmentUpdates" name="test_update_assignment_shift" time="0.116" /><testcase classname="backend.tests.test_monthly_schedules.TestScheduleAssignmentUpdates" name="test_update_assignment_location" time="0.147" /><testcase classname="backend.tests.test_monthly_schedules.TestScheduleStatusChanges" name="test_approve_schedule_to_active" time="1.039" /><testcase classname="backend.tests.test_monthly_schedules.TestScheduleStatusChanges" name="test_cannot_delete_active_schedule" time="0.113" /><testcase classname="backend.tests.test_monthly_schedules.TestScheduleListEndpoint" name="test_list_schedules_for_department" time="0.467" /><testcase classname="backend.tests.test_monthly_schedules.TestScheduleValidation" name="test_update_nonexistent_schedule" time="0.477" /><testcase classname="backend.tests.test_monthly_schedules.TestScheduleValidation" name="test_duplicate_schedule_creation" time="0.263" /></testsuite></testsuites>