<?xml version="1.0" encoding="utf-8"?><testsuites name="pytest tests"><testsuite name="pytest" errors="0" failures="0" skipped="0" tests="15" time="8.057" timestamp="2026-02-22T22:02:55.838595+00:00" hostname="agent-env-c6b3e3e7-830e-47c6-8433-4534e06c2ed8"><testcase classname="backend.tests.test_daily_sessions_new_features.TestFloorAndSessionsAPI" name="test_get_floors_list" time="0.545" /><testcase classname="backend.tests.test_daily_sessions_new_features.TestFloorAndSessionsAPI" name="test_get_sessions_for_floor" time="0.146" /><testcase classname="backend.tests.test_daily_sessions_new_features.TestSourceSelectorFeature" name="test_create_session_clone_from_empty" time="0.748" /><testcase classname="backend.tests.test_daily_sessions_new_features.TestSourceSelectorFeature" name="test_create_session_clone_from_master" time="0.478" /><testcase classname="backend.tests.test_daily_sessions_new_features.TestSourceSelectorFeature" name="test_create_session_clone_from_specific_session" time="0.440" /><testcase classname="backend.tests.test_daily_sessions_new_features.TestBatchEntryFeature" name="test_batch_create_sessions_with_master" time="1.248" /><testcase classname="backend.tests.test_daily_sessions_new_features.TestBatchEntryFeature" name="test_batch_create_skips_existing_days" time="0.884" /><testcase classname="backend.tests.test_daily_sessions_new_features.TestBatchEntryFeature" name="test_batch_create_with_empty_source" time="0.607" /><testcase classname="backend.tests.test_daily_sessions_new_features.TestBatchEntryFeature" name="test_batch_validates_date_range" time="0.157" /><testcase classname="backend.tests.test_daily_sessions_new_features.TestCalendarViewData" name="test_sessions_include_status_for_calendar_dots" time="0.524" /><testcase classname="backend.tests.test_daily_sessions_new_features.TestCalendarViewData" name="test_sessions_include_date_for_calendar_mapping" time="0.124" /><testcase classname="backend.tests.test_daily_sessions_new_features.TestPreviousFeaturesStillWork" name="test_zone_edit_still_works" time="0.748" /><testcase classname="backend.tests.test_daily_sessions_new_features.TestPreviousFeaturesStillWork" name="test_complete_reopen_session_still_works" time="0.489" /><testcase classname="backend.tests.test_daily_sessions_new_features.TestPreviousFeaturesStillWork" name="test_session_notes_still_work" time="0.555" /><testcase classname="backend.tests.test_daily_sessions_new_features.TestPreviousFeaturesStillWork" name="test_compare_sessions_still_works" time="0.310" /></testsuite></testsuites>