<?xml version="1.0" encoding="utf-8"?><testsuites name="pytest tests"><testsuite name="pytest" errors="0" failures="0" skipped="0" tests="10" time="3.718" timestamp="2026-03-04T21:40:08.221148+00:00" hostname="agent-env-61d420b4-74b2-4c38-927c-0a46c4375f08"><testcase classname="backend.tests.test_pattern_fill_feature.TestPatternFillBackend" name="test_session_has_pattern_fields" time="0.601" /><testcase classname="backend.tests.test_pattern_fill_feature.TestPatternFillBackend" name="test_update_zone_fill_type_to_pattern" time="0.116" /><testcase classname="backend.tests.test_pattern_fill_feature.TestPatternFillBackend" name="test_update_pattern_colors" time="0.124" /><testcase classname="backend.tests.test_pattern_fill_feature.TestPatternFillBackend" name="test_update_stroke_opacity" time="0.121" /><testcase classname="backend.tests.test_pattern_fill_feature.TestPatternFillBackend" name="test_update_stroke_style_dash_dot" time="0.116" /><testcase classname="backend.tests.test_pattern_fill_feature.TestPatternFillBackend" name="test_all_pattern_types" time="1.584" /><testcase classname="backend.tests.test_pattern_fill_feature.TestPatternFillBackend" name="test_all_stroke_styles" time="0.500" /><testcase classname="backend.tests.test_pattern_fill_feature.TestPatternFillBackend" name="test_switch_back_to_solid_fill" time="0.136" /><testcase classname="backend.tests.test_pattern_fill_feature.TestPatternFillBackend" name="test_combined_style_update" time="0.134" /><testcase classname="backend.tests.test_pattern_fill_feature.TestSessionZoneAddWithPattern" name="test_add_zone_with_pattern" time="0.111" /></testsuite></testsuites>