<?xml version="1.0" encoding="utf-8"?><testsuites name="pytest tests"><testsuite name="pytest" errors="0" failures="0" skipped="0" tests="15" time="2.724" timestamp="2026-02-20T22:22:56.267451+00:00" hostname="agent-env-da80f3a8-9f03-4adb-afb4-af3f9a028d5f"><testcase classname="backend.tests.test_interactive_map.TestFloorsAPI" name="test_get_floors_returns_list" time="0.376" /><testcase classname="backend.tests.test_interactive_map.TestFloorsAPI" name="test_basement_floor_exists" time="0.159" /><testcase classname="backend.tests.test_interactive_map.TestFloorsAPI" name="test_floor_has_required_fields" time="0.171" /><testcase classname="backend.tests.test_interactive_map.TestZonesAPI" name="test_get_all_zones" time="0.147" /><testcase classname="backend.tests.test_interactive_map.TestZonesAPI" name="test_get_floor_zones" time="0.264" /><testcase classname="backend.tests.test_interactive_map.TestZonesAPI" name="test_zone_has_required_fields" time="0.140" /><testcase classname="backend.tests.test_interactive_map.TestZonesAPI" name="test_zone_percentage_calculated" time="0.123" /><testcase classname="backend.tests.test_interactive_map.TestZonesAPI" name="test_all_six_zones_present" time="0.113" /><testcase classname="backend.tests.test_interactive_map.TestZonesAPI" name="test_kaaba_zone_exists" time="0.117" /><testcase classname="backend.tests.test_interactive_map.TestZoneStatsAPI" name="test_get_stats_summary" time="0.149" /><testcase classname="backend.tests.test_interactive_map.TestZoneStatsAPI" name="test_stats_totals_are_correct" time="0.246" /><testcase classname="backend.tests.test_interactive_map.TestZoneStatsAPI" name="test_stats_by_status_distribution" time="0.143" /><testcase classname="backend.tests.test_interactive_map.TestZoneStatsAPI" name="test_stats_by_zone_type" time="0.124" /><testcase classname="backend.tests.test_interactive_map.TestZoneCrowdColors" name="test_zone_crowd_status_values" time="0.112" /><testcase classname="backend.tests.test_interactive_map.TestZoneCrowdColors" name="test_zone_polygon_points_structure" time="0.221" /></testsuite></testsuites>