<?xml version="1.0" encoding="utf-8"?><testsuites name="pytest tests"><testsuite name="pytest" errors="0" failures="2" skipped="2" tests="32" time="4.726" timestamp="2026-03-08T03:41:30.402368+00:00" hostname="agent-env-0e868bad-eb94-496b-8c20-ca26e7fafc61"><testcase classname="backend.tests.test_rbac_permissions.TestGetAllRolePermissions" name="test_get_all_role_permissions_status" time="0.633" /><testcase classname="backend.tests.test_rbac_permissions.TestGetAllRolePermissions" name="test_response_contains_roles_key" time="0.112" /><testcase classname="backend.tests.test_rbac_permissions.TestGetAllRolePermissions" name="test_response_contains_all_permissions" time="0.151" /><testcase classname="backend.tests.test_rbac_permissions.TestGetAllRolePermissions" name="test_response_contains_group_labels" time="0.108" /><testcase classname="backend.tests.test_rbac_permissions.TestGetAllRolePermissions" name="test_response_contains_defaults" time="0.154" /><testcase classname="backend.tests.test_rbac_permissions.TestGetAllRolePermissions" name="test_all_5_roles_present" time="0.139" /><testcase classname="backend.tests.test_rbac_permissions.TestGetAllRolePermissions" name="test_25_permissions_returned" time="0.118" /><testcase classname="backend.tests.test_rbac_permissions.TestGetAllRolePermissions" name="test_7_permission_groups" time="0.134" /><testcase classname="backend.tests.test_rbac_permissions.TestGetAllRolePermissions" name="test_requires_auth" time="0.125" /><testcase classname="backend.tests.test_rbac_permissions.TestGetAllRolePermissions" name="test_danger_permissions_flagged" time="0.109" /><testcase classname="backend.tests.test_rbac_permissions.TestGetMyPermissions" name="test_my_permissions_status" time="0.108" /><testcase classname="backend.tests.test_rbac_permissions.TestGetMyPermissions" name="test_system_admin_gets_all_25_permissions" time="0.142" /><testcase classname="backend.tests.test_rbac_permissions.TestGetMyPermissions" name="test_my_permissions_requires_auth" time="0.140" /><testcase classname="backend.tests.test_rbac_permissions.TestUpdateRolePermissions" name="test_update_role_permissions_success" time="0.119" /><testcase classname="backend.tests.test_rbac_permissions.TestUpdateRolePermissions" name="test_update_returns_message_and_permissions" time="0.147" /><testcase classname="backend.tests.test_rbac_permissions.TestUpdateRolePermissions" name="test_update_persists_via_get" time="0.218" /><testcase classname="backend.tests.test_rbac_permissions.TestUpdateRolePermissions" name="test_update_invalid_permission_returns_400" time="0.103" /><testcase classname="backend.tests.test_rbac_permissions.TestUpdateRolePermissions" name="test_update_system_admin_returns_403" time="0.117" /><testcase classname="backend.tests.test_rbac_permissions.TestUpdateRolePermissions" name="test_restore_original_permissions" time="0.116" /><testcase classname="backend.tests.test_rbac_permissions.TestResetRolePermissions" name="test_reset_role_status" time="0.108" /><testcase classname="backend.tests.test_rbac_permissions.TestResetRolePermissions" name="test_reset_returns_message_and_permissions" time="0.121" /><testcase classname="backend.tests.test_rbac_permissions.TestResetRolePermissions" name="test_reset_restores_defaults" time="0.349" /><testcase classname="backend.tests.test_rbac_permissions.TestResetRolePermissions" name="test_reset_system_admin_returns_403" time="0.102" /><testcase classname="backend.tests.test_rbac_permissions.TestUpdateUserRole" name="test_update_role_requires_auth" time="0.245" /><testcase classname="backend.tests.test_rbac_permissions.TestUpdateUserRole" name="test_update_role_invalid_role_returns_400" time="0.000"><skipped type="pytest.skip" message="No test user available">/app/backend/tests/test_rbac_permissions.py:300: No test user available</skipped></testcase><testcase classname="backend.tests.test_rbac_permissions.TestUpdateUserRole" name="test_update_role_nonexistent_user_returns_404" time="0.141" /><testcase classname="backend.tests.test_rbac_permissions.TestUpdateUserRole" name="test_system_admin_can_change_any_role" time="0.001"><skipped type="pytest.skip" message="No test user available">/app/backend/tests/test_rbac_permissions.py:320: No test user available</skipped></testcase><testcase classname="backend.tests.test_rbac_permissions.TestEmployeesUserRole" name="test_employees_endpoint_accessible" time="0.119"><failure message="AssertionError: Expected 200, got 404&#10;assert 404 == 200&#10; +  where 404 = &lt;Response [404]&gt;.status_code">backend/tests/test_rbac_permissions.py:338: in test_employees_endpoint_accessible
    assert res.status_code == 200, f"Expected 200, got {res.status_code}"
E   AssertionError: Expected 200, got 404
E   assert 404 == 200
E    +  where 404 = &lt;Response [404]&gt;.status_code</failure></testcase><testcase classname="backend.tests.test_rbac_permissions.TestEmployeesUserRole" name="test_employees_have_user_role_field" time="0.096"><failure message="KeyError: 0">backend/tests/test_rbac_permissions.py:346: in test_employees_have_user_role_field
    first = data[0]
            ^^^^^^^
E   KeyError: 0</failure></testcase><testcase classname="backend.tests.test_rbac_permissions.TestEmployeesUserRole" name="test_general_manager_role_permissions_defaults" time="0.107" /><testcase classname="backend.tests.test_rbac_permissions.TestEmployeesUserRole" name="test_department_manager_has_most_permissions" time="0.102" /><testcase classname="backend.tests.test_rbac_permissions.TestEmployeesUserRole" name="test_field_staff_minimal_permissions" time="0.119" /></testsuite></testsuites>