<?xml version="1.0" encoding="utf-8"?><testsuites name="pytest tests"><testsuite name="pytest" errors="0" failures="0" skipped="0" tests="32" time="4.440" timestamp="2026-03-09T00:48:39.880973+00:00" hostname="agent-env-77895d97-0028-488c-9bf1-372cd13c7236"><testcase classname="backend.tests.test_rbac_permissions_v2.TestPermissionFormat" name="test_my_permissions_returns_dict_not_array" time="0.578" /><testcase classname="backend.tests.test_rbac_permissions_v2.TestPermissionFormat" name="test_permission_values_are_read_or_write" time="0.125" /><testcase classname="backend.tests.test_rbac_permissions_v2.TestPermissionFormat" name="test_system_admin_has_all_write_permissions" time="0.116" /><testcase classname="backend.tests.test_rbac_permissions_v2.TestGeneralManagerPermissions" name="test_general_manager_has_view_daily_sessions_read" time="0.152" /><testcase classname="backend.tests.test_rbac_permissions_v2.TestGeneralManagerPermissions" name="test_general_manager_no_create_session_write" time="0.169" /><testcase classname="backend.tests.test_rbac_permissions_v2.TestGeneralManagerPermissions" name="test_general_manager_no_approve_session_write" time="0.126" /><testcase classname="backend.tests.test_rbac_permissions_v2.TestGeneralManagerPermissions" name="test_general_manager_no_delete_session_write" time="0.114" /><testcase classname="backend.tests.test_rbac_permissions_v2.TestGeneralManagerPermissions" name="test_general_manager_no_start_prayer_round_write" time="0.121" /><testcase classname="backend.tests.test_rbac_permissions_v2.TestDepartmentManagerPermissions" name="test_department_manager_has_create_session_write" time="0.120" /><testcase classname="backend.tests.test_rbac_permissions_v2.TestDepartmentManagerPermissions" name="test_department_manager_has_approve_session_write" time="0.117" /><testcase classname="backend.tests.test_rbac_permissions_v2.TestDepartmentManagerPermissions" name="test_department_manager_has_delete_session_write" time="0.113" /><testcase classname="backend.tests.test_rbac_permissions_v2.TestDepartmentManagerPermissions" name="test_department_manager_has_start_prayer_round_write" time="0.112" /><testcase classname="backend.tests.test_rbac_permissions_v2.TestDepartmentManagerPermissions" name="test_department_manager_has_distribute_employees_write" time="0.136" /><testcase classname="backend.tests.test_rbac_permissions_v2.TestDepartmentManagerPermissions" name="test_department_manager_has_enter_density_write" time="0.124" /><testcase classname="backend.tests.test_rbac_permissions_v2.TestShiftSupervisorPermissions" name="test_shift_supervisor_has_start_prayer_round_write" time="0.117" /><testcase classname="backend.tests.test_rbac_permissions_v2.TestShiftSupervisorPermissions" name="test_shift_supervisor_has_distribute_employees_write" time="0.111" /><testcase classname="backend.tests.test_rbac_permissions_v2.TestShiftSupervisorPermissions" name="test_shift_supervisor_has_enter_density_write" time="0.105" /><testcase classname="backend.tests.test_rbac_permissions_v2.TestShiftSupervisorPermissions" name="test_shift_supervisor_no_create_session_write" time="0.102" /><testcase classname="backend.tests.test_rbac_permissions_v2.TestShiftSupervisorPermissions" name="test_shift_supervisor_no_delete_session_write" time="0.109" /><testcase classname="backend.tests.test_rbac_permissions_v2.TestFieldStaffPermissions" name="test_field_staff_has_enter_density_write" time="0.115" /><testcase classname="backend.tests.test_rbac_permissions_v2.TestFieldStaffPermissions" name="test_field_staff_has_send_alert_write" time="0.120" /><testcase classname="backend.tests.test_rbac_permissions_v2.TestFieldStaffPermissions" name="test_field_staff_no_create_session" time="0.109" /><testcase classname="backend.tests.test_rbac_permissions_v2.TestFieldStaffPermissions" name="test_field_staff_permission_count" time="0.114" /><testcase classname="backend.tests.test_rbac_permissions_v2.TestAdminStaffPermissions" name="test_admin_staff_has_view_reports" time="0.112" /><testcase classname="backend.tests.test_rbac_permissions_v2.TestAdminStaffPermissions" name="test_admin_staff_has_view_density_reports" time="0.110" /><testcase classname="backend.tests.test_rbac_permissions_v2.TestAdminStaffPermissions" name="test_admin_staff_no_field_permissions" time="0.128" /><testcase classname="backend.tests.test_rbac_permissions_v2.TestPermissionUpdates" name="test_update_permission_to_read_level" time="0.237" /><testcase classname="backend.tests.test_rbac_permissions_v2.TestPermissionUpdates" name="test_restore_original_permissions" time="0.113" /><testcase classname="backend.tests.test_rbac_permissions_v2.TestAllPermissionsMetadata" name="test_26_permissions_total" time="0.102" /><testcase classname="backend.tests.test_rbac_permissions_v2.TestAllPermissionsMetadata" name="test_7_permission_groups" time="0.112" /><testcase classname="backend.tests.test_rbac_permissions_v2.TestAllPermissionsMetadata" name="test_danger_permissions_flagged" time="0.110" /><testcase classname="backend.tests.test_rbac_permissions_v2.TestAllPermissionsMetadata" name="test_arabic_labels_present" time="0.106" /></testsuite></testsuites>