<?xml version="1.0" encoding="utf-8"?><testsuites name="pytest tests"><testsuite name="pytest" errors="0" failures="1" skipped="0" tests="24" time="5.636" timestamp="2026-02-26T01:24:25.344489+00:00" hostname="agent-env-2cfb31cd-05b7-41be-827f-54ce499470dd"><testcase classname="backend.tests.test_refactored_backend.TestAuthEndpoints" name="test_login_api" time="0.471" /><testcase classname="backend.tests.test_refactored_backend.TestAuthEndpoints" name="test_login_invalid_credentials" time="0.110" /><testcase classname="backend.tests.test_refactored_backend.TestAuthEndpoints" name="test_get_me_with_auth" time="0.113" /><testcase classname="backend.tests.test_refactored_backend.TestAuthEndpoints" name="test_get_me_without_auth" time="0.239" /><testcase classname="backend.tests.test_refactored_backend.TestDashboardEndpoints" name="test_dashboard_stats" time="0.115" /><testcase classname="backend.tests.test_refactored_backend.TestDashboardEndpoints" name="test_dashboard_departments" time="0.140" /><testcase classname="backend.tests.test_refactored_backend.TestDashboardEndpoints" name="test_gates_endpoint" time="0.141" /><testcase classname="backend.tests.test_refactored_backend.TestSettingsEndpoints" name="test_login_page_settings" time="0.527" /><testcase classname="backend.tests.test_refactored_backend.TestSettingsEndpoints" name="test_header_settings" time="0.124" /><testcase classname="backend.tests.test_refactored_backend.TestSettingsEndpoints" name="test_zone_categories_public" time="0.114" /><testcase classname="backend.tests.test_refactored_backend.TestSettingsEndpoints" name="test_dropdown_options_public" time="0.140" /><testcase classname="backend.tests.test_refactored_backend.TestMapsEndpoints" name="test_floors_endpoint" time="0.139" /><testcase classname="backend.tests.test_refactored_backend.TestMapsEndpoints" name="test_zones_endpoint" time="0.129" /><testcase classname="backend.tests.test_refactored_backend.TestMapsEndpoints" name="test_gate_map_floors" time="0.114" /><testcase classname="backend.tests.test_refactored_backend.TestMapsEndpoints" name="test_gate_markers" time="0.165" /><testcase classname="backend.tests.test_refactored_backend.TestSessionsEndpoints" name="test_map_sessions_list" time="0.153" /><testcase classname="backend.tests.test_refactored_backend.TestSessionsEndpoints" name="test_map_sessions_with_limit" time="0.154" /><testcase classname="backend.tests.test_refactored_backend.TestSessionsEndpoints" name="test_gate_sessions_list" time="0.149" /><testcase classname="backend.tests.test_refactored_backend.TestEmployeesEndpoints" name="test_employees_with_auth" time="0.505" /><testcase classname="backend.tests.test_refactored_backend.TestTransactionsEndpoints" name="test_transactions_stats_with_auth" time="0.479" /><testcase classname="backend.tests.test_refactored_backend.TestHealthAndRoot" name="test_health_endpoint" time="0.126"><failure message="requests.exceptions.JSONDecodeError: Expecting value: line 1 column 1 (char 0)">/root/.venv/lib/python3.11/site-packages/requests/models.py:976: in json
    return complexjson.loads(self.text, **kwargs)
           ^^^^^^^^^^^^^^^^^^^^^^^^^^^^^^^^^^^^^^
/usr/local/lib/python3.11/json/__init__.py:346: in loads
    return _default_decoder.decode(s)
           ^^^^^^^^^^^^^^^^^^^^^^^^^^
/usr/local/lib/python3.11/json/decoder.py:337: in decode
    obj, end = self.raw_decode(s, idx=_w(s, 0).end())
               ^^^^^^^^^^^^^^^^^^^^^^^^^^^^^^^^^^^^^^
/usr/local/lib/python3.11/json/decoder.py:355: in raw_decode
    raise JSONDecodeError("Expecting value", s, err.value) from None
E   json.decoder.JSONDecodeError: Expecting value: line 1 column 1 (char 0)

During handling of the above exception, another exception occurred:
backend/tests/test_refactored_backend.py:261: in test_health_endpoint
    data = response.json()
           ^^^^^^^^^^^^^^^
/root/.venv/lib/python3.11/site-packages/requests/models.py:980: in json
    raise RequestsJSONDecodeError(e.msg, e.doc, e.pos)
E   requests.exceptions.JSONDecodeError: Expecting value: line 1 column 1 (char 0)</failure></testcase><testcase classname="backend.tests.test_refactored_backend.TestHealthAndRoot" name="test_root_api_endpoint" time="0.130" /><testcase classname="backend.tests.test_refactored_backend.TestAdminEndpoints" name="test_users_list" time="0.485" /><testcase classname="backend.tests.test_refactored_backend.TestAdminEndpoints" name="test_activity_logs" time="0.506" /></testsuite></testsuites>