<?xml version="1.0" encoding="utf-8"?><testsuites name="pytest tests"><testsuite name="pytest" errors="0" failures="0" skipped="0" tests="24" time="5.445" timestamp="2026-02-26T01:24:54.964232+00:00" hostname="agent-env-2cfb31cd-05b7-41be-827f-54ce499470dd"><testcase classname="backend.tests.test_refactored_backend.TestAuthEndpoints" name="test_login_api" time="0.359" /><testcase classname="backend.tests.test_refactored_backend.TestAuthEndpoints" name="test_login_invalid_credentials" time="0.151" /><testcase classname="backend.tests.test_refactored_backend.TestAuthEndpoints" name="test_get_me_with_auth" time="0.161" /><testcase classname="backend.tests.test_refactored_backend.TestAuthEndpoints" name="test_get_me_without_auth" time="0.140" /><testcase classname="backend.tests.test_refactored_backend.TestDashboardEndpoints" name="test_dashboard_stats" time="0.116" /><testcase classname="backend.tests.test_refactored_backend.TestDashboardEndpoints" name="test_dashboard_departments" time="0.116" /><testcase classname="backend.tests.test_refactored_backend.TestDashboardEndpoints" name="test_gates_endpoint" time="0.112" /><testcase classname="backend.tests.test_refactored_backend.TestSettingsEndpoints" name="test_login_page_settings" time="0.427" /><testcase classname="backend.tests.test_refactored_backend.TestSettingsEndpoints" name="test_header_settings" time="0.119" /><testcase classname="backend.tests.test_refactored_backend.TestSettingsEndpoints" name="test_zone_categories_public" time="0.120" /><testcase classname="backend.tests.test_refactored_backend.TestSettingsEndpoints" name="test_dropdown_options_public" time="0.162" /><testcase classname="backend.tests.test_refactored_backend.TestMapsEndpoints" name="test_floors_endpoint" time="0.141" /><testcase classname="backend.tests.test_refactored_backend.TestMapsEndpoints" name="test_zones_endpoint" time="0.116" /><testcase classname="backend.tests.test_refactored_backend.TestMapsEndpoints" name="test_gate_map_floors" time="0.120" /><testcase classname="backend.tests.test_refactored_backend.TestMapsEndpoints" name="test_gate_markers" time="0.138" /><testcase classname="backend.tests.test_refactored_backend.TestSessionsEndpoints" name="test_map_sessions_list" time="0.131" /><testcase classname="backend.tests.test_refactored_backend.TestSessionsEndpoints" name="test_map_sessions_with_limit" time="0.157" /><testcase classname="backend.tests.test_refactored_backend.TestSessionsEndpoints" name="test_gate_sessions_list" time="0.129" /><testcase classname="backend.tests.test_refactored_backend.TestEmployeesEndpoints" name="test_employees_with_auth" time="0.558" /><testcase classname="backend.tests.test_refactored_backend.TestTransactionsEndpoints" name="test_transactions_stats_with_auth" time="0.475" /><testcase classname="backend.tests.test_refactored_backend.TestHealthAndRoot" name="test_health_endpoint" time="0.161" /><testcase classname="backend.tests.test_refactored_backend.TestHealthAndRoot" name="test_root_api_endpoint" time="0.275" /><testcase classname="backend.tests.test_refactored_backend.TestAdminEndpoints" name="test_users_list" time="0.482" /><testcase classname="backend.tests.test_refactored_backend.TestAdminEndpoints" name="test_activity_logs" time="0.500" /></testsuite></testsuites>