<?xml version="1.0" encoding="utf-8"?><testsuites name="pytest tests"><testsuite name="pytest" errors="1" failures="2" skipped="0" tests="22" time="11.513" timestamp="2026-03-20T16:18:50.576607+00:00" hostname="agent-env-f1b24a58-1282-4926-9b4f-85d1dbfb0b02"><testcase classname="tests.test_security_audit.TestHealthAndBasicEndpoints" name="test_health_endpoint" time="0.173" /><testcase classname="tests.test_security_audit.TestAuthAndLogin" name="test_login_success_with_admin" time="0.369" /><testcase classname="tests.test_security_audit.TestAuthAndLogin" name="test_login_failure_wrong_password" time="0.356" /><testcase classname="tests.test_security_audit.TestAuthAndLogin" name="test_login_failure_nonexistent_user" time="0.152" /><testcase classname="tests.test_security_audit.TestRateLimiting" name="test_login_rate_limit_structure" time="0.368" /><testcase classname="tests.test_security_audit.TestRateLimiting" name="test_change_password_rate_limit_structure" time="0.745" /><testcase classname="tests.test_security_audit.TestRateLimiting" name="test_change_pin_rate_limit_structure" time="0.488" /><testcase classname="tests.test_security_audit.TestPermissionGroups" name="test_list_permission_groups" time="0.523" /><testcase classname="tests.test_security_audit.TestPermissionGroups" name="test_system_groups_have_is_system_true" time="0.501" /><testcase classname="tests.test_security_audit.TestPermissionGroups" name="test_cannot_delete_system_group" time="0.676" /><testcase classname="tests.test_security_audit.TestPermissionGroups" name="test_create_and_delete_custom_group" time="0.628" /><testcase classname="tests.test_security_audit.TestActivityLogs" name="test_activity_logs_endpoint_exists" time="0.542" /><testcase classname="tests.test_security_audit.TestActivityLogs" name="test_login_activity_log_no_english_role" time="0.830" /><testcase classname="tests.test_security_audit.TestWebSocketAuth" name="test_websocket_rejects_no_token" time="0.228"><failure message="AssertionError: assert ('closed:4001' in 'accepted' or 'error' in 'accepted')">tests/test_security_audit.py:290: in test_websocket_rejects_no_token
    assert "closed:4001" in result or "error" in result
E   AssertionError: assert ('closed:4001' in 'accepted' or 'error' in 'accepted')</failure></testcase><testcase classname="tests.test_security_audit.TestWebSocketAuth" name="test_websocket_rejects_invalid_token" time="0.258"><failure message="AssertionError: assert ('closed:4001' in 'accepted' or 'error' in 'accepted')">tests/test_security_audit.py:308: in test_websocket_rejects_invalid_token
    assert "closed:4001" in result or "error" in result
E   AssertionError: assert ('closed:4001' in 'accepted' or 'error' in 'accepted')</failure></testcase><testcase classname="tests.test_security_audit.TestWebSocketAuth" name="test_websocket_accepts_valid_token" time="1.051" /><testcase classname="tests.test_security_audit.TestWSManagerBroadcast" name="test_broadcast_method_signature" time="0.632" /><testcase classname="tests.test_security_audit.TestTasksDeadCodeRemoval" name="test_tasks_endpoint_works" time="0.512" /><testcase classname="tests.test_security_audit.TestTasksDeadCodeRemoval" name="test_create_task_uses_now_iso" time="1.173" /><testcase classname="tests.test_security_audit.TestDashboardAndSidebar" name="test_auth_me_endpoint" time="0.501" /><testcase classname="tests.test_security_audit.TestDashboardAndSidebar" name="test_sidebar_menu_loads" time="0.484" /><testcase classname="tests.test_security_audit.TestDashboardAndSidebar" name="test_my_permissions_endpoint" time="0.155"><error message="failed on setup with &quot;KeyError: 'access_token'&quot;">tests/test_security_audit.py:451: in admin_token
    return response.json()["access_token"]
           ^^^^^^^^^^^^^^^^^^^^^^^^^^^^^^^
E   KeyError: 'access_token'</error></testcase></testsuite></testsuites>