<?xml version="1.0" encoding="utf-8"?><testsuites name="pytest tests"><testsuite name="pytest" errors="0" failures="0" skipped="2" tests="13" time="4.988" timestamp="2026-03-14T21:50:14.247878+00:00" hostname="agent-env-7125de01-aecf-495a-bc3c-3d85c5c02841"><testcase classname="tests.test_websocket_realtime.TestHealthAndAuth" name="test_health_check" time="0.253" /><testcase classname="tests.test_websocket_realtime.TestHealthAndAuth" name="test_admin_login" time="0.337" /><testcase classname="tests.test_websocket_realtime.TestWebSocketConnection" name="test_websocket_endpoint_exists" time="0.003" /><testcase classname="tests.test_websocket_realtime.TestWebSocketConnection" name="test_websocket_broadcast_middleware_exists" time="0.176" /><testcase classname="tests.test_websocket_realtime.TestEmployeeAccountActions" name="test_get_employees_list" time="0.482" /><testcase classname="tests.test_websocket_realtime.TestEmployeeAccountActions" name="test_activate_account_endpoint" time="0.463"><skipped type="pytest.skip" message="No employee with national_id found">/app/backend/tests/test_websocket_realtime.py:121: No employee with national_id found</skipped></testcase><testcase classname="tests.test_websocket_realtime.TestEmployeeAccountActions" name="test_freeze_account_endpoint" time="0.467"><skipped type="pytest.skip" message="No active account employee found">/app/backend/tests/test_websocket_realtime.py:146: No active account employee found</skipped></testcase><testcase classname="tests.test_websocket_realtime.TestEmployeeAccountActions" name="test_terminate_account_endpoint" time="0.437" /><testcase classname="tests.test_websocket_realtime.TestEmployeeAccountActions" name="test_reset_pin_endpoint" time="0.455" /><testcase classname="tests.test_websocket_realtime.TestDashboardEndpoints" name="test_dashboard_ops" time="0.463" /><testcase classname="tests.test_websocket_realtime.TestDashboardEndpoints" name="test_dashboard_departments" time="0.466" /><testcase classname="tests.test_websocket_realtime.TestAlertsEndpoints" name="test_get_alerts" time="0.465" /><testcase classname="tests.test_websocket_realtime.TestAlertsEndpoints" name="test_alerts_unread_count" time="0.449" /></testsuite></testsuites>