<?xml version="1.0" encoding="utf-8"?><testsuites name="pytest tests"><testsuite name="pytest" errors="0" failures="0" skipped="0" tests="7" time="3.238" timestamp="2026-03-06T00:37:53.588515+00:00" hostname="agent-env-6a7fe0a2-66a9-4d20-97e4-d0074fd28740"><testcase classname="backend.tests.test_zone_category_nullable.TestZoneCategoryNullableFields" name="test_put_zone_category_with_pattern_type_null" time="0.913" /><testcase classname="backend.tests.test_zone_category_nullable.TestZoneCategoryNullableFields" name="test_put_zone_category_pattern_null_persists_in_db" time="0.529" /><testcase classname="backend.tests.test_zone_category_nullable.TestZoneCategoryNullableFields" name="test_put_zone_category_with_only_color_update" time="0.368" /><testcase classname="backend.tests.test_zone_category_nullable.TestZoneCategoryNullableFields" name="test_put_zone_category_not_found_returns_404" time="0.102" /><testcase classname="backend.tests.test_zone_category_nullable.TestZoneCategoryNullableFields" name="test_get_zone_categories_public" time="0.107" /><testcase classname="backend.tests.test_zone_category_nullable.TestMapSessionFreshFetch" name="test_get_map_session_by_id" time="0.281" /><testcase classname="backend.tests.test_zone_category_nullable.TestMapSessionFreshFetch" name="test_zone_style_propagation_on_category_update" time="0.758" /></testsuite></testsuites>