<?xml version="1.0" encoding="utf-8"?><testsuites name="pytest tests"><testsuite name="pytest" errors="0" failures="0" skipped="0" tests="18" time="1.894" timestamp="2026-02-24T00:46:03.403645+00:00" hostname="agent-env-59e34733-9155-41c1-82f3-4192346869b3"><testcase classname="backend.tests.test_zone_categories.TestZoneCategoriesPublicAPI" name="test_get_zone_categories_public" time="0.221" /><testcase classname="backend.tests.test_zone_categories.TestZoneCategoriesPublicAPI" name="test_zone_categories_sorted_by_order" time="0.144" /><testcase classname="backend.tests.test_zone_categories.TestZoneCategoriesPublicAPI" name="test_zone_categories_contains_expected_types" time="0.062" /><testcase classname="backend.tests.test_zone_categories.TestZoneCategoriesAdminAPI" name="test_get_all_zone_categories_admin" time="0.375" /><testcase classname="backend.tests.test_zone_categories.TestZoneCategoriesAdminAPI" name="test_admin_endpoint_requires_auth" time="0.144" /><testcase classname="backend.tests.test_zone_categories.TestZoneCategoryCRUD" name="test_create_zone_category" time="0.066" /><testcase classname="backend.tests.test_zone_categories.TestZoneCategoryCRUD" name="test_verify_created_category_exists" time="0.065" /><testcase classname="backend.tests.test_zone_categories.TestZoneCategoryCRUD" name="test_create_duplicate_category_fails" time="0.054" /><testcase classname="backend.tests.test_zone_categories.TestZoneCategoryCRUD" name="test_update_zone_category" time="0.057" /><testcase classname="backend.tests.test_zone_categories.TestZoneCategoryCRUD" name="test_verify_update_persisted" time="0.058" /><testcase classname="backend.tests.test_zone_categories.TestZoneCategoryCRUD" name="test_update_nonexistent_category_fails" time="0.049" /><testcase classname="backend.tests.test_zone_categories.TestZoneCategoryCRUD" name="test_delete_zone_category" time="0.063" /><testcase classname="backend.tests.test_zone_categories.TestZoneCategoryCRUD" name="test_verify_delete_persisted" time="0.049" /><testcase classname="backend.tests.test_zone_categories.TestZoneCategoryCRUD" name="test_delete_nonexistent_category_fails" time="0.067" /><testcase classname="backend.tests.test_zone_categories.TestDailySessionsIntegration" name="test_zone_categories_accessible_without_auth" time="0.117" /><testcase classname="backend.tests.test_zone_categories.TestDailySessionsIntegration" name="test_category_data_has_required_fields_for_frontend" time="0.068" /><testcase classname="backend.tests.test_zone_categories.TestSeededCategories" name="test_has_expected_number_of_categories" time="0.051" /><testcase classname="backend.tests.test_zone_categories.TestSeededCategories" name="test_contains_core_zone_types" time="0.053" /></testsuite></testsuites>